2025-01-05 15:20:01,544 - oauth2client.client - INFO - Refreshing access_token
2025-01-05 15:20:02,064 - logging_setup - INFO - Connected to MQTT server
2025-01-05 15:20:08,201 - logging_setup - INFO - Wait for scanning Bluetooth Devices
2025-01-05 15:20:19,320 - logging_setup - INFO - Found 1 devices.
2025-01-05 15:20:19,321 - logging_setup - INFO -   A0:A3:B3:EC:DD:36 - LIGHT1
2025-01-05 15:20:21,886 - logging_setup - INFO - Recognized speech: what sound of the night weather
2025-01-05 15:20:28,039 - logging_setup - INFO - Connecting to LIGHT1.
2025-01-05 15:20:28,039 - logging_setup - INFO - Successfully connected! Sending Wi-Fi information...
2025-01-05 15:20:31,827 - logging_setup - INFO - Wi-Fi and MQTT setup completed successfully on device
2025-01-05 15:20:31,827 - logging_setup - INFO - Bluetooth connection closed.
2025-01-05 15:20:32,496 - logging_setup - INFO - Subscribed to topic: -O0qUnBd90cvCv0JULl0/LIGHT1
2025-01-05 15:20:32,550 - logging_setup - INFO - Published to -O0qUnBd90cvCv0JULl0/LIGHT1: {"status": "OFF", "dim": 10, "colour": "#FFFFFF"}
2025-01-05 15:21:01,454 - logging_setup - INFO - Published to -O0qUnBd90cvCv0JULl0/LIGHT1: {"status": "ON"}
2025-01-05 15:21:01,456 - logging_setup - INFO - Published current status: ON for LIGHT1 to MQTT topic -O0qUnBd90cvCv0JULl0/LIGHT1
2025-01-05 15:21:34,271 - logging_setup - INFO - Published to -O0qUnBd90cvCv0JULl0/LIGHT1: {"colour": "#fcba03"}
2025-01-05 15:21:34,273 - logging_setup - INFO - Published current colour: #fcba03 for LIGHT1 to MQTT topic -O0qUnBd90cvCv0JULl0/LIGHT1
2025-01-05 15:21:58,642 - logging_setup - INFO - Recognized speech: call daniel
2025-01-05 15:22:06,550 - logging_setup - INFO - Published to -O0qUnBd90cvCv0JULl0/LIGHT1: {"status": "OFF"}
2025-01-05 15:22:06,550 - logging_setup - INFO - Published current status: OFF for LIGHT1 to MQTT topic -O0qUnBd90cvCv0JULl0/LIGHT1
2025-01-05 15:22:16,564 - logging_setup - INFO - Published to -O0qUnBd90cvCv0JULl0/LIGHT1: {"status": "ON"}
2025-01-05 15:22:16,565 - logging_setup - INFO - Published current status: ON for LIGHT1 to MQTT topic -O0qUnBd90cvCv0JULl0/LIGHT1
2025-01-05 15:22:25,611 - logging_setup - INFO - Recognized speech: 299
2025-01-05 15:22:26,578 - logging_setup - INFO - Published to -O0qUnBd90cvCv0JULl0/LIGHT1: {"status": "OFF"}
2025-01-05 15:22:26,579 - logging_setup - INFO - Published current status: OFF for LIGHT1 to MQTT topic -O0qUnBd90cvCv0JULl0/LIGHT1
2025-01-05 15:22:36,593 - logging_setup - INFO - Published to -O0qUnBd90cvCv0JULl0/LIGHT1: {"status": "ON"}
2025-01-05 15:22:36,595 - logging_setup - INFO - Published current status: ON for LIGHT1 to MQTT topic -O0qUnBd90cvCv0JULl0/LIGHT1
2025-01-05 15:23:37,550 - logging_setup - INFO - Published to -O0qUnBd90cvCv0JULl0/LIGHT1: {"status": "disconnect"}
2025-01-05 15:23:47,562 - logging_setup - INFO - Unsubscribed to topic: -O0qUnBd90cvCv0JULl0/LIGHT1
