2025-01-04 21:06:38,916 - oauth2client.client - INFO - Refreshing access_token
2025-01-04 21:06:39,441 - logging_setup - INFO - Connected to MQTT server
2025-01-04 21:07:01,983 - logging_setup - INFO - Wait for scanning Bluetooth Devices
2025-01-04 21:07:13,801 - logging_setup - INFO - Found 2 devices.
2025-01-04 21:07:13,801 - logging_setup - INFO -   C8:94:02:0C:F9:9E - DESKTOP-RIPO9DP
2025-01-04 21:07:13,801 - logging_setup - INFO -   A0:A3:B3:EC:DD:36 - LIGHT1
2025-01-04 21:07:23,677 - logging_setup - INFO - Failed to connect to LIGHT1 at A0:A3:B3:EC:DD:36. Error: <class 'OSError'>
2025-01-04 21:07:33,226 - logging_setup - INFO - Connecting to LIGHT1.
2025-01-04 21:07:33,227 - logging_setup - INFO - Successfully connected! Sending Wi-Fi information...
2025-01-04 21:07:41,015 - logging_setup - INFO - Wi-Fi and MQTT setup completed successfully on device
2025-01-04 21:07:41,016 - logging_setup - INFO - Bluetooth connection closed.
2025-01-04 21:07:42,629 - logging_setup - INFO - Subscribed to topic: Hub1/LIGHT1
2025-01-04 21:08:05,462 - logging_setup - INFO - Published current status: ON for LIGHT1 to MQTT topic Hub1/LIGHT1
2025-01-04 21:08:15,474 - logging_setup - INFO - Published current status: OFF for LIGHT1 to MQTT topic Hub1/LIGHT1
2025-01-04 21:08:30,311 - logging_setup - INFO - Published current status: ON for LIGHT1 to MQTT topic Hub1/LIGHT1
2025-01-04 21:08:50,111 - logging_setup - INFO - Published current status: OFF for LIGHT1 to MQTT topic Hub1/LIGHT1
2025-01-04 21:08:59,012 - logging_setup - INFO - Recognized speech: connect
2025-01-04 21:09:04,387 - logging_setup - INFO - Recognized speech: set alarm for 8:30
2025-01-04 21:09:07,497 - logging_setup - INFO - Published current status: ON for LIGHT1 to MQTT topic Hub1/LIGHT1
2025-01-04 21:09:16,173 - logging_setup - INFO - Recognized speech: turn in
2025-01-04 21:09:57,635 - logging_setup - INFO - Published current status: OFF for LIGHT1 to MQTT topic Hub1/LIGHT1
2025-01-04 21:10:17,392 - logging_setup - INFO - Recognized speech: i'm done
2025-01-04 21:10:30,109 - logging_setup - INFO - Published current status: ON for LIGHT1 to MQTT topic Hub1/LIGHT1
2025-01-04 21:10:52,706 - logging_setup - INFO - Recognized speech: home depot schedule
2025-01-04 21:11:06,552 - logging_setup - INFO - Recognized speech: good morning yellow shoes tomorrow
2025-01-04 21:11:33,375 - logging_setup - INFO - Unsubscribed to topic: Hub1/LIGHT1
2025-01-04 21:11:40,409 - logging_setup - INFO - Recognized speech: you know how to
2025-01-04 21:11:43,408 - logging_setup - INFO - Recognized speech: book
2025-01-04 21:15:25,710 - logging_setup - INFO - Connecting to LIGHT1.
2025-01-04 21:15:25,711 - logging_setup - INFO - Successfully connected! Sending Wi-Fi information...
2025-01-04 21:15:32,390 - logging_setup - INFO - Wi-Fi and MQTT setup completed successfully on device
2025-01-04 21:15:32,391 - logging_setup - INFO - Bluetooth connection closed.
2025-01-04 21:15:32,644 - logging_setup - INFO - Subscribed to topic: Hub1/LIGHT1
2025-01-04 21:15:47,467 - logging_setup - INFO - Recognized speech: what the
2025-01-04 21:16:55,676 - logging_setup - INFO - Unsubscribed to topic: Hub1/LIGHT1
