2025-01-05 16:14:35,363 - oauth2client.client - INFO - Refreshing access_token
2025-01-05 16:14:35,811 - logging_setup - INFO - Connected to MQTT server
2025-01-05 16:14:36,132 - logging_setup - INFO - Subscribed to topic: Hub1/LIGHT1
2025-01-05 16:14:39,875 - logging_setup - INFO - Recognized speech: hey harvey
2025-01-05 16:14:39,875 - logging_setup - INFO - Wake word 'Hey Harvey' detected
2025-01-05 16:14:42,857 - logging_setup - INFO - Listening for a command...
2025-01-05 16:14:46,014 - logging_setup - INFO - Recognized command: turn off light one
2025-01-05 16:14:47,118 - logging_setup - INFO - Gemni response: {
  "action": "off",
  "device": "light 1",
  "room": null
}
2025-01-05 16:14:47,120 - logging_setup - INFO - Controlling device LIGHT 1 with data {'status': 'OFF'} from given name
2025-01-05 16:14:47,245 - logging_setup - INFO - Device LIGHT 1 updated successfully with data: {'status': 'OFF'}
2025-01-05 16:15:45,097 - logging_setup - INFO - Recognized speech: hey harvey
2025-01-05 16:15:45,097 - logging_setup - INFO - Wake word 'Hey Harvey' detected
2025-01-05 16:15:48,073 - logging_setup - INFO - Listening for a command...
2025-01-05 16:15:51,335 - logging_setup - INFO - Recognized command: turn on light one
2025-01-05 16:15:52,102 - logging_setup - INFO - Gemni response: {
  "action": "on",
  "device": "light 1",
  "room": null
}
2025-01-05 16:15:52,103 - logging_setup - INFO - Controlling device LIGHT 1 with data {'status': 'ON'} from given name
2025-01-05 16:15:52,216 - logging_setup - INFO - Device LIGHT 1 updated successfully with data: {'status': 'ON'}
2025-01-05 16:16:02,236 - logging_setup - INFO - Published to Hub1/LIGHT1: {"status": "ON"}
2025-01-05 16:16:02,237 - logging_setup - INFO - Published current {'status': 'ON'} for LIGHT1 to MQTT topic Hub1/LIGHT1
2025-01-05 16:16:02,804 - logging_setup - INFO - Recognized speech: hey harvey
2025-01-05 16:16:02,804 - logging_setup - INFO - Wake word 'Hey Harvey' detected
2025-01-05 16:16:06,062 - logging_setup - INFO - Listening for a command...
2025-01-05 16:16:08,890 - logging_setup - INFO - Recognized command: play one
2025-01-05 16:16:09,521 - logging_setup - INFO - Gemni response: That's not a command related to controlling smart home devices.
2025-01-05 16:16:22,116 - logging_setup - INFO - Recognized speech: hey harvey
2025-01-05 16:16:22,116 - logging_setup - INFO - Wake word 'Hey Harvey' detected
2025-01-05 16:16:25,219 - logging_setup - INFO - Listening for a command...
2025-01-05 16:16:28,515 - logging_setup - INFO - Recognized command: turn off light one
2025-01-05 16:16:29,310 - logging_setup - INFO - Gemni response: {
  "action": "off",
  "device": "light 1",
  "room": null
}
2025-01-05 16:16:29,311 - logging_setup - INFO - Controlling device LIGHT 1 with data {'status': 'OFF'} from given name
2025-01-05 16:16:29,419 - logging_setup - INFO - Device LIGHT 1 updated successfully with data: {'status': 'OFF'}
2025-01-05 16:16:39,434 - logging_setup - INFO - Published to Hub1/LIGHT1: {"status": "OFF"}
2025-01-05 16:16:39,436 - logging_setup - INFO - Published current {'status': 'OFF'} for LIGHT1 to MQTT topic Hub1/LIGHT1
2025-01-05 16:17:49,944 - logging_setup - INFO - Published to Hub1/LIGHT1: {"status": "disconnect"}
2025-01-05 16:17:59,950 - logging_setup - INFO - Unsubscribed to topic: Hub1/LIGHT1
2025-01-05 16:18:06,527 - logging_setup - INFO - Connecting to LIGHT1.
2025-01-05 16:18:06,528 - logging_setup - INFO - Successfully connected! Sending Wi-Fi information...
2025-01-05 16:18:10,381 - logging_setup - INFO - Wi-Fi and MQTT setup completed successfully on device
2025-01-05 16:18:10,383 - logging_setup - INFO - Bluetooth connection closed.
2025-01-05 16:18:10,643 - logging_setup - INFO - Subscribed to topic: Hub1/LIGHT1
2025-01-05 16:18:10,691 - logging_setup - INFO - Published to Hub1/LIGHT1: {"status": "OFF", "dim": 10, "colour": "#FFFFFF"}
2025-01-05 16:18:34,466 - logging_setup - INFO - Published to Hub1/LIGHT1: {"status": "ON"}
2025-01-05 16:18:34,468 - logging_setup - INFO - Published current status: ON for LIGHT1 to MQTT topic Hub1/LIGHT1
2025-01-05 16:18:44,487 - logging_setup - INFO - Published to Hub1/LIGHT1: {"dim": 50}
2025-01-05 16:18:44,487 - logging_setup - INFO - Published current dim: 50 for LIGHT1 to MQTT topic Hub1/LIGHT1
2025-01-05 16:18:54,501 - logging_setup - INFO - Published to Hub1/LIGHT1: {"dim": 100}
2025-01-05 16:18:54,502 - logging_setup - INFO - Published current dim: 100 for LIGHT1 to MQTT topic Hub1/LIGHT1
2025-01-05 16:19:04,514 - logging_setup - INFO - Published to Hub1/LIGHT1: {"dim": 0}
2025-01-05 16:19:04,515 - logging_setup - INFO - Published current dim: 0 for LIGHT1 to MQTT topic Hub1/LIGHT1
2025-01-05 16:19:19,230 - logging_setup - INFO - Published to Hub1/LIGHT1: {"dim": 10}
2025-01-05 16:19:19,230 - logging_setup - INFO - Published current dim: 10 for LIGHT1 to MQTT topic Hub1/LIGHT1
2025-01-05 16:19:26,895 - logging_setup - INFO - Recognized speech: show spice
2025-01-05 16:19:41,938 - logging_setup - INFO - Recognized speech: shakira shakira shakira
2025-01-05 16:19:46,918 - logging_setup - INFO - Published to Hub1/LIGHT1: {"status": "OFF"}
2025-01-05 16:19:46,919 - logging_setup - INFO - Published current status: OFF for LIGHT1 to MQTT topic Hub1/LIGHT1
2025-01-05 16:19:56,934 - logging_setup - INFO - Published to Hub1/LIGHT1: {"status": "ON"}
2025-01-05 16:19:56,936 - logging_setup - INFO - Published current status: ON for LIGHT1 to MQTT topic Hub1/LIGHT1
2025-01-05 16:20:06,954 - logging_setup - INFO - Published to Hub1/LIGHT1: {"dim": 0}
2025-01-05 16:20:06,956 - logging_setup - INFO - Published current dim: 0 for LIGHT1 to MQTT topic Hub1/LIGHT1
2025-01-05 16:20:16,975 - logging_setup - INFO - Published to Hub1/LIGHT1: {"dim": 10}
2025-01-05 16:20:16,976 - logging_setup - INFO - Published current dim: 10 for LIGHT1 to MQTT topic Hub1/LIGHT1
2025-01-05 16:20:26,994 - logging_setup - INFO - Published to Hub1/LIGHT1: {"status": "OFF"}
2025-01-05 16:20:26,994 - logging_setup - INFO - Published current status: OFF for LIGHT1 to MQTT topic Hub1/LIGHT1
2025-01-05 16:20:37,006 - logging_setup - INFO - Published to Hub1/LIGHT1: {"status": "ON"}
2025-01-05 16:20:37,008 - logging_setup - INFO - Published current status: ON for LIGHT1 to MQTT topic Hub1/LIGHT1
2025-01-05 16:20:47,026 - logging_setup - INFO - Published to Hub1/LIGHT1: {"colour": "#EEEEEE"}
2025-01-05 16:20:47,028 - logging_setup - INFO - Published current colour: #EEEEEE for LIGHT1 to MQTT topic Hub1/LIGHT1
2025-01-05 16:21:05,530 - logging_setup - INFO - Published to Hub1/LIGHT1: {"colour": "#FF0000"}
2025-01-05 16:21:05,532 - logging_setup - INFO - Published current colour: #FF0000 for LIGHT1 to MQTT topic Hub1/LIGHT1
2025-01-05 16:21:15,550 - logging_setup - INFO - Published to Hub1/LIGHT1: {"status": "OFF"}
2025-01-05 16:21:15,552 - logging_setup - INFO - Published current status: OFF for LIGHT1 to MQTT topic Hub1/LIGHT1
2025-01-05 16:21:25,564 - logging_setup - INFO - Published to Hub1/LIGHT1: {"status": "ON"}
2025-01-05 16:21:25,565 - logging_setup - INFO - Published current status: ON for LIGHT1 to MQTT topic Hub1/LIGHT1
2025-01-05 16:21:26,729 - logging_setup - INFO - Recognized speech: hey harvey
2025-01-05 16:21:26,729 - logging_setup - INFO - Wake word 'Hey Harvey' detected
2025-01-05 16:21:29,705 - logging_setup - INFO - Listening for a command...
2025-01-05 16:21:33,600 - logging_setup - INFO - Recognized command: turn off light one
2025-01-05 16:21:34,704 - logging_setup - INFO - Gemni response: {
  "action": "off",
  "device": "light 1",
  "room": null
}
2025-01-05 16:21:34,704 - logging_setup - INFO - Controlling device LIGHT 1 with data {'status': 'OFF'} from given name
2025-01-05 16:21:34,817 - logging_setup - INFO - Device LIGHT 1 updated successfully with data: {'status': 'OFF'}
2025-01-05 16:21:42,974 - logging_setup - INFO - Recognized speech: how do you say something
2025-01-05 16:21:44,830 - logging_setup - INFO - Published to Hub1/LIGHT1: {"status": "OFF"}
2025-01-05 16:21:44,831 - logging_setup - INFO - Published current {'status': 'OFF'} for LIGHT1 to MQTT topic Hub1/LIGHT1
2025-01-05 16:21:54,849 - logging_setup - INFO - Published to Hub1/LIGHT1: {"status": "disconnect"}
2025-01-05 16:22:04,858 - logging_setup - INFO - Unsubscribed to topic: Hub1/LIGHT1
2025-01-05 16:22:40,438 - logging_setup - INFO - Recognized speech: ok google
2025-01-05 16:22:56,223 - logging_setup - INFO - Recognized speech: turn off the dining room song
2025-01-05 16:22:59,095 - logging_setup - INFO - Recognized speech: donald
2025-01-05 16:23:19,450 - logging_setup - INFO - Recognized speech: wayne
2025-01-05 16:23:56,113 - logging_setup - INFO - Recognized speech: give me annoying
2025-01-05 16:24:30,932 - logging_setup - INFO - Recognized speech: is there anything
2025-01-05 16:24:55,576 - logging_setup - INFO - Recognized speech: turn on tonight
2025-01-05 16:25:18,717 - logging_setup - INFO - Recognized speech: no no no no no no no no no no no no no
2025-01-05 16:26:59,281 - logging_setup - INFO - Recognized speech: pause
2025-01-05 16:28:25,628 - logging_setup - INFO - Connecting to LIGHT1.
2025-01-05 16:28:25,628 - logging_setup - INFO - Successfully connected! Sending Wi-Fi information...
2025-01-05 16:28:29,494 - logging_setup - INFO - Wi-Fi and MQTT setup completed successfully on device
2025-01-05 16:28:29,495 - logging_setup - INFO - Bluetooth connection closed.
2025-01-05 16:28:29,765 - logging_setup - INFO - Subscribed to topic: Hub1/LIGHT1
2025-01-05 16:28:29,810 - logging_setup - INFO - Published to Hub1/LIGHT1: {"status": "OFF", "dim": 10, "colour": "#FFFFFF"}
2025-01-05 16:28:45,247 - logging_setup - INFO - Published to Hub1/LIGHT1: {"status": "ON"}
2025-01-05 16:28:45,248 - logging_setup - INFO - Published current status: ON for LIGHT1 to MQTT topic Hub1/LIGHT1
2025-01-05 16:28:48,429 - logging_setup - INFO - Recognized speech: how do you say okay i'm coming
2025-01-05 16:28:55,266 - logging_setup - INFO - Published to Hub1/LIGHT1: {"dim": 50}
2025-01-05 16:28:55,268 - logging_setup - INFO - Published current dim: 50 for LIGHT1 to MQTT topic Hub1/LIGHT1
2025-01-05 16:29:05,285 - logging_setup - INFO - Published to Hub1/LIGHT1: {"dim": 0}
2025-01-05 16:29:05,287 - logging_setup - INFO - Published current dim: 0 for LIGHT1 to MQTT topic Hub1/LIGHT1
2025-01-05 16:29:15,306 - logging_setup - INFO - Published to Hub1/LIGHT1: {"dim": 10}
2025-01-05 16:29:15,308 - logging_setup - INFO - Published current dim: 10 for LIGHT1 to MQTT topic Hub1/LIGHT1
2025-01-05 16:29:25,326 - logging_setup - INFO - Published to Hub1/LIGHT1: {"status": "OFF"}
2025-01-05 16:29:25,328 - logging_setup - INFO - Published current status: OFF for LIGHT1 to MQTT topic Hub1/LIGHT1
2025-01-05 16:29:35,346 - logging_setup - INFO - Published to Hub1/LIGHT1: {"colour": "#FF0000"}
2025-01-05 16:29:35,347 - logging_setup - INFO - Published current colour: #FF0000 for LIGHT1 to MQTT topic Hub1/LIGHT1
2025-01-05 16:29:45,366 - logging_setup - INFO - Published to Hub1/LIGHT1: {"status": "ON"}
2025-01-05 16:29:45,367 - logging_setup - INFO - Published current status: ON for LIGHT1 to MQTT topic Hub1/LIGHT1
2025-01-05 16:29:51,837 - logging_setup - INFO - Recognized speech: hey javi
2025-01-05 16:29:55,484 - logging_setup - INFO - Recognized speech: hey harvey
2025-01-05 16:29:55,484 - logging_setup - INFO - Wake word 'Hey Harvey' detected
2025-01-05 16:29:58,623 - logging_setup - INFO - Listening for a command...
2025-01-05 16:30:01,973 - logging_setup - INFO - Recognized command: turn off light one
2025-01-05 16:30:03,882 - logging_setup - INFO - Gemni response: {
  "action": "off",
  "device": "light 1",
  "room": null
}
2025-01-05 16:30:03,882 - logging_setup - INFO - Controlling device LIGHT 1 with data {'status': 'OFF'} from given name
2025-01-05 16:30:04,017 - logging_setup - INFO - Device LIGHT 1 updated successfully with data: {'status': 'OFF'}
2025-01-05 16:30:14,031 - logging_setup - INFO - Published to Hub1/LIGHT1: {"status": "OFF"}
2025-01-05 16:30:14,032 - logging_setup - INFO - Published current {'status': 'OFF'} for LIGHT1 to MQTT topic Hub1/LIGHT1
