2025-01-05 13:49:39,589 - oauth2client.client - INFO - Refreshing access_token
2025-01-05 13:49:40,156 - logging_setup - INFO - Connected to MQTT server
2025-01-05 13:49:43,768 - logging_setup - INFO - Recognized speech: play family home
2025-01-05 13:49:56,899 - logging_setup - INFO - Wait for scanning Bluetooth Devices
2025-01-05 13:50:09,486 - logging_setup - INFO - Found 2 devices.
2025-01-05 13:50:09,487 - logging_setup - INFO -   4C:11:AE:9E:C6:0E - FAN1
2025-01-05 13:50:09,487 - logging_setup - INFO -   22:22:8D:D8:0F:5D - FPT Play Box +
2025-01-05 13:50:10,224 - logging_setup - INFO - Recognized speech: despacito
2025-01-05 13:50:32,682 - logging_setup - INFO - Recognized speech: and then go where i come myself
2025-01-05 13:50:36,486 - logging_setup - INFO - Failed to connect to FAN1 at 4C:11:AE:9E:C6:0E. Error: <class 'OSError'>
2025-01-05 13:50:43,433 - logging_setup - INFO - Connecting to FAN1.
2025-01-05 13:50:43,434 - logging_setup - INFO - Successfully connected! Sending Wi-Fi information...
2025-01-05 13:50:48,264 - logging_setup - INFO - Wi-Fi and MQTT setup completed successfully on device
2025-01-05 13:50:48,265 - logging_setup - INFO - Bluetooth connection closed.
2025-01-05 13:50:48,563 - logging_setup - INFO - Subscribed to topic: Hub1/FAN1
2025-01-05 13:51:01,257 - logging_setup - INFO - Recognized speech: what is the time
2025-01-05 13:51:06,786 - logging_setup - INFO - Recognized speech: what is the time game
2025-01-05 13:51:11,485 - logging_setup - INFO - Recognized speech: what's up
2025-01-05 13:51:17,556 - logging_setup - INFO - Recognized speech: hello
2025-01-05 13:51:21,486 - logging_setup - INFO - Published to Hub1/FAN1: {"status": "ON"}
2025-01-05 13:51:21,487 - logging_setup - INFO - Published current status: ON for FAN1 to MQTT topic Hub1/FAN1
2025-01-05 13:52:33,090 - logging_setup - INFO - Published to Hub1/FAN1: {"speed": "50"}
2025-01-05 13:52:33,091 - logging_setup - INFO - Published current speed: 50 for FAN1 to MQTT topic Hub1/FAN1
2025-01-05 13:52:42,174 - logging_setup - INFO - Recognized speech: how to do something
2025-01-05 13:53:00,808 - logging_setup - INFO - Recognized speech: when you look like between google google
2025-01-05 13:53:09,699 - logging_setup - INFO - Published to Hub1/FAN1: {"status": "OFF"}
2025-01-05 13:53:09,701 - logging_setup - INFO - Published current status: OFF for FAN1 to MQTT topic Hub1/FAN1
2025-01-05 13:53:23,138 - logging_setup - INFO - Published to Hub1/FAN1: {"status": "ON"}
2025-01-05 13:53:23,138 - logging_setup - INFO - Published current status: ON for FAN1 to MQTT topic Hub1/FAN1
2025-01-05 13:55:08,062 - logging_setup - INFO - Recognized speech: what the fuc
2025-01-05 13:55:50,961 - logging_setup - INFO - Recognized speech: bow wow wow gang gang gang
2025-01-05 13:56:05,436 - logging_setup - INFO - Recognized speech: ok google
2025-01-05 13:56:25,868 - logging_setup - INFO - Recognized speech: play moana soundtrack
2025-01-05 13:56:57,949 - logging_setup - INFO - Recognized speech: the temperature right now cancel
2025-01-05 13:58:04,151 - logging_setup - INFO - Published to Hub1/FAN1: {"status": "OFF"}
2025-01-05 13:58:04,152 - logging_setup - INFO - Published current status: OFF for FAN1 to MQTT topic Hub1/FAN1
2025-01-05 13:58:39,598 - logging_setup - INFO - Published to Hub1/FAN1: {"status": "ON"}
2025-01-05 13:58:39,598 - logging_setup - INFO - Published current status: ON for FAN1 to MQTT topic Hub1/FAN1
2025-01-05 13:58:47,794 - logging_setup - INFO - Recognized speech: no more responsible
2025-01-05 13:58:50,631 - logging_setup - INFO - Published to Hub1/FAN1: {"speed": "10"}
2025-01-05 13:58:50,632 - logging_setup - INFO - Published current speed: 10 for FAN1 to MQTT topic Hub1/FAN1
2025-01-05 13:58:57,454 - logging_setup - INFO - Recognized speech: what time will home depot
2025-01-05 13:59:02,067 - logging_setup - INFO - Published to Hub1/FAN1: {"speed": "20"}
2025-01-05 13:59:02,068 - logging_setup - INFO - Published current speed: 20 for FAN1 to MQTT topic Hub1/FAN1
2025-01-05 13:59:12,993 - logging_setup - INFO - Published to Hub1/FAN1: {"speed": "100"}
2025-01-05 13:59:12,994 - logging_setup - INFO - Published current speed: 100 for FAN1 to MQTT topic Hub1/FAN1
2025-01-05 13:59:31,090 - logging_setup - INFO - Published to Hub1/FAN1: {"speed": "5"}
2025-01-05 13:59:31,091 - logging_setup - INFO - Published current speed: 5 for FAN1 to MQTT topic Hub1/FAN1
2025-01-05 13:59:42,736 - logging_setup - INFO - Recognized speech: put on
2025-01-05 14:01:03,607 - logging_setup - INFO - Published to Hub1/FAN1: {"speed": "10"}
2025-01-05 14:01:03,609 - logging_setup - INFO - Published current speed: 10 for FAN1 to MQTT topic Hub1/FAN1
2025-01-05 14:01:07,809 - logging_setup - INFO - Recognized speech: compton high
2025-01-05 14:01:29,506 - logging_setup - INFO - Recognized speech: turn the volume
2025-01-05 14:01:39,526 - logging_setup - INFO - Published to Hub1/FAN1: {"speed": "100"}
2025-01-05 14:01:39,527 - logging_setup - INFO - Published current speed: 100 for FAN1 to MQTT topic Hub1/FAN1
2025-01-05 14:02:10,378 - logging_setup - INFO - Published to Hub1/FAN1: {"speed": "255"}
2025-01-05 14:02:10,380 - logging_setup - INFO - Published current speed: 255 for FAN1 to MQTT topic Hub1/FAN1
2025-01-05 14:02:22,956 - logging_setup - INFO - Published to Hub1/FAN1: {"status": "OFF"}
2025-01-05 14:02:22,958 - logging_setup - INFO - Published current status: OFF for FAN1 to MQTT topic Hub1/FAN1
2025-01-05 14:02:38,437 - logging_setup - INFO - Published to Hub1/FAN1: {"status": "ON"}
2025-01-05 14:02:38,438 - logging_setup - INFO - Published current status: ON for FAN1 to MQTT topic Hub1/FAN1
2025-01-05 14:03:04,781 - logging_setup - INFO - Published to Hub1/FAN1: {"speed": "50"}
2025-01-05 14:03:04,782 - logging_setup - INFO - Published current speed: 50 for FAN1 to MQTT topic Hub1/FAN1
2025-01-05 14:03:22,804 - logging_setup - INFO - Published to Hub1/FAN1: {"status": "disconnect"}
2025-01-05 14:03:32,811 - logging_setup - INFO - Unsubscribed to topic: Hub1/FAN1
2025-01-05 14:04:40,783 - logging_setup - INFO - Recognized speech: commandments
2025-01-05 14:07:29,063 - logging_setup - INFO - Recognized speech: set frequency
2025-01-05 14:07:54,294 - logging_setup - INFO - Recognized speech: the weather tomorrow
2025-01-05 14:08:10,945 - logging_setup - INFO - Recognized speech: i hear the question
2025-01-05 14:09:09,445 - logging_setup - INFO - Recognized speech: spell
2025-01-05 14:09:42,384 - logging_setup - INFO - Recognized speech: turn down the volume
2025-01-05 14:10:03,845 - logging_setup - INFO - Recognized speech: what
2025-01-05 14:10:28,275 - logging_setup - INFO - Recognized speech: turn off shopping list
2025-01-05 14:10:54,467 - logging_setup - INFO - Recognized speech: turn on the coffee
2025-01-05 14:11:25,711 - logging_setup - INFO - Recognized speech: i gave you my heart
2025-01-05 14:11:36,949 - logging_setup - INFO - Connecting to FAN1.
2025-01-05 14:11:36,949 - logging_setup - INFO - Successfully connected! Sending Wi-Fi information...
2025-01-05 14:11:42,126 - logging_setup - INFO - Wi-Fi and MQTT setup completed successfully on device
2025-01-05 14:11:42,126 - logging_setup - INFO - Bluetooth connection closed.
2025-01-05 14:11:42,383 - logging_setup - INFO - Subscribed to topic: Hub1/FAN1
2025-01-05 14:12:50,567 - logging_setup - INFO - Published to Hub1/FAN1: {"status": "disconnect"}
2025-01-05 14:12:50,992 - logging_setup - INFO - Recognized speech: turn my bedroom lights
2025-01-05 14:13:00,578 - logging_setup - INFO - Unsubscribed to topic: Hub1/FAN1
2025-01-05 14:13:15,679 - logging_setup - INFO - Recognized speech: what's the forecast
