2025-01-05 15:57:06,875 - oauth2client.client - INFO - Refreshing access_token
2025-01-05 15:57:07,404 - logging_setup - INFO - Connected to MQTT server
2025-01-05 15:57:08,283 - logging_setup - INFO - Subscribed to topic: -O0qUnBd90cvCv0JULl0/LIGHT1
2025-01-05 15:57:37,941 - logging_setup - INFO - Recognized speech: call norma
2025-01-05 15:58:06,544 - logging_setup - INFO - Published to -O0qUnBd90cvCv0JULl0/LIGHT1: {"dim": 60}
2025-01-05 15:58:06,546 - logging_setup - INFO - Published current dim: 60 for LIGHT1 to MQTT topic -O0qUnBd90cvCv0JULl0/LIGHT1
2025-01-05 15:58:44,516 - logging_setup - INFO - Recognized speech: who is antonio brown
2025-01-05 15:59:05,656 - logging_setup - INFO - Wait for scanning Bluetooth Devices
2025-01-05 15:59:17,147 - logging_setup - INFO - Found 1 devices.
2025-01-05 15:59:17,147 - logging_setup - INFO -   22:22:8D:D8:0F:5D - FPT Play Box +
2025-01-05 15:59:17,863 - logging_setup - INFO - Recognized speech: some rock music
2025-01-05 15:59:41,112 - logging_setup - INFO - Recognized speech: hey harvey
2025-01-05 15:59:41,113 - logging_setup - INFO - Wake word 'Hey Harvey' detected
2025-01-05 15:59:44,159 - logging_setup - INFO - Listening for a command...
2025-01-05 15:59:51,230 - logging_setup - INFO - Recognized command: turn off light one
2025-01-05 15:59:52,550 - logging_setup - INFO - Gemni response: {
  "action": "off",
  "device": "light 1",
  "room": null
}
2025-01-05 15:59:52,551 - logging_setup - INFO - Controlling device LIGHT 1 with data {'status': 'OFF'} from given name
2025-01-05 15:59:52,875 - logging_setup - INFO - Device LIGHT 1 updated successfully with data: {'status': 'OFF'}
2025-01-05 16:00:28,144 - logging_setup - INFO - Recognized speech: stop stop stop stop stop stop stop stop stop stop stop stop stop stop it
2025-01-05 16:01:02,236 - logging_setup - INFO - Published to -O0qUnBd90cvCv0JULl0/LIGHT1: {"status": "ON"}
2025-01-05 16:01:02,237 - logging_setup - INFO - Published current status: ON for LIGHT1 to MQTT topic -O0qUnBd90cvCv0JULl0/LIGHT1
2025-01-05 16:01:02,654 - logging_setup - INFO - Recognized speech: video please
2025-01-05 16:01:12,251 - logging_setup - INFO - Published to -O0qUnBd90cvCv0JULl0/LIGHT1: {"status": "OFF"}
2025-01-05 16:01:12,252 - logging_setup - INFO - Published current status: OFF for LIGHT1 to MQTT topic -O0qUnBd90cvCv0JULl0/LIGHT1
2025-01-05 16:01:18,161 - logging_setup - INFO - Recognized speech: set reminder
2025-01-05 16:01:22,262 - logging_setup - INFO - Published to -O0qUnBd90cvCv0JULl0/LIGHT1: {"status": "ON"}
2025-01-05 16:01:22,264 - logging_setup - INFO - Published current status: ON for LIGHT1 to MQTT topic -O0qUnBd90cvCv0JULl0/LIGHT1
2025-01-05 16:01:32,282 - logging_setup - INFO - Published to -O0qUnBd90cvCv0JULl0/LIGHT1: {"dim": 0}
2025-01-05 16:01:32,283 - logging_setup - INFO - Published current dim: 0 for LIGHT1 to MQTT topic -O0qUnBd90cvCv0JULl0/LIGHT1
2025-01-05 16:01:42,296 - logging_setup - INFO - Published to -O0qUnBd90cvCv0JULl0/LIGHT1: {"dim": 100}
2025-01-05 16:01:42,298 - logging_setup - INFO - Published current dim: 100 for LIGHT1 to MQTT topic -O0qUnBd90cvCv0JULl0/LIGHT1
2025-01-05 16:01:53,503 - logging_setup - INFO - Recognized speech: play motown music
2025-01-05 16:02:03,222 - logging_setup - INFO - Published to -O0qUnBd90cvCv0JULl0/LIGHT1: {"dim": 59}
2025-01-05 16:02:03,224 - logging_setup - INFO - Published current dim: 59 for LIGHT1 to MQTT topic -O0qUnBd90cvCv0JULl0/LIGHT1
2025-01-05 16:02:56,736 - logging_setup - INFO - Recognized speech: play toy night vietnam county
2025-01-05 16:03:05,468 - logging_setup - INFO - Recognized speech: downtown
