2025-01-05 14:13:51,042 - oauth2client.client - INFO - Refreshing access_token
2025-01-05 14:13:51,544 - logging_setup - INFO - Connected to MQTT server
2025-01-05 14:13:58,945 - logging_setup - INFO - Connecting to FAN1.
2025-01-05 14:13:58,945 - logging_setup - INFO - Successfully connected! Sending Wi-Fi information...
2025-01-05 14:14:03,335 - logging_setup - INFO - Wi-Fi and MQTT setup completed successfully on device
2025-01-05 14:14:03,336 - logging_setup - INFO - Bluetooth connection closed.
2025-01-05 14:14:03,593 - logging_setup - INFO - Subscribed to topic: Hub1/FAN1
2025-01-05 14:14:03,638 - logging_setup - INFO - Published to Hub1/FAN1: {"status": "OFF", "speed": "10"}
2025-01-05 14:14:25,105 - logging_setup - INFO - Published to Hub1/FAN1: {"status": "ON"}
2025-01-05 14:14:25,107 - logging_setup - INFO - Published current status: ON for FAN1 to MQTT topic Hub1/FAN1
2025-01-05 14:14:36,751 - logging_setup - INFO - Recognized speech: call uncle george
2025-01-05 14:14:45,431 - logging_setup - INFO - Recognized speech: volume
2025-01-05 14:15:16,501 - logging_setup - INFO - Recognized speech: stop
2025-01-05 14:15:41,279 - logging_setup - INFO - Published to Hub1/FAN1: {"speed": "100"}
2025-01-05 14:15:41,280 - logging_setup - INFO - Published current speed: 100 for FAN1 to MQTT topic Hub1/FAN1
2025-01-05 14:15:59,354 - logging_setup - INFO - Published to Hub1/FAN1: {"speed": "10"}
2025-01-05 14:15:59,355 - logging_setup - INFO - Published current speed: 10 for FAN1 to MQTT topic Hub1/FAN1
2025-01-05 14:16:06,752 - logging_setup - INFO - Recognized speech: manor
2025-01-05 14:16:12,349 - logging_setup - INFO - Published to Hub1/FAN1: {"speed": "100"}
2025-01-05 14:16:12,351 - logging_setup - INFO - Published current speed: 100 for FAN1 to MQTT topic Hub1/FAN1
2025-01-05 14:16:22,363 - logging_setup - INFO - Published to Hub1/FAN1: {"status": "OFF"}
2025-01-05 14:16:22,364 - logging_setup - INFO - Published current status: OFF for FAN1 to MQTT topic Hub1/FAN1
2025-01-05 14:16:26,662 - logging_setup - INFO - Recognized speech: continue
