2025-01-04 21:17:28,988 - oauth2client.client - INFO - Refreshing access_token
2025-01-04 21:17:29,513 - logging_setup - INFO - Connected to MQTT server
2025-01-04 21:17:38,918 - logging_setup - INFO - Connecting to LIGHT1.
2025-01-04 21:17:38,918 - logging_setup - INFO - Successfully connected! Sending Wi-Fi information...
2025-01-04 21:17:49,649 - logging_setup - INFO - Wi-Fi and MQTT setup completed successfully on device
2025-01-04 21:17:49,650 - logging_setup - INFO - Bluetooth connection closed.
2025-01-04 21:17:51,427 - logging_setup - INFO - Subscribed to topic: Hub1/LIGHT1
2025-01-04 21:17:51,473 - logging_setup - INFO - Published to Hub1/LIGHT1: {"status": "OFF", "dim": "10", "colour": "#FFFFFF"}
2025-01-04 21:18:15,463 - logging_setup - INFO - Published to Hub1/LIGHT1: {"status": "ON"}
2025-01-04 21:18:15,465 - logging_setup - INFO - Published current status: ON for LIGHT1 to MQTT topic Hub1/LIGHT1
2025-01-04 21:18:29,759 - logging_setup - INFO - Published to Hub1/LIGHT1: {"dim": "5"}
2025-01-04 21:18:29,761 - logging_setup - INFO - Published current dim: 5 for LIGHT1 to MQTT topic Hub1/LIGHT1
2025-01-04 21:18:46,274 - logging_setup - INFO - Published to Hub1/LIGHT1: {"dim": "50"}
2025-01-04 21:18:46,276 - logging_setup - INFO - Published current dim: 50 for LIGHT1 to MQTT topic Hub1/LIGHT1
2025-01-04 21:19:09,128 - logging_setup - INFO - Published to Hub1/LIGHT1: {"status": "disconnect"}
2025-01-04 21:19:19,138 - logging_setup - INFO - Unsubscribed to topic: Hub1/LIGHT1
2025-01-04 21:20:11,833 - logging_setup - INFO - Connecting to LIGHT1.
2025-01-04 21:20:11,834 - logging_setup - INFO - Successfully connected! Sending Wi-Fi information...
2025-01-04 21:20:19,712 - logging_setup - INFO - Wi-Fi and MQTT setup completed successfully on device
2025-01-04 21:20:19,713 - logging_setup - INFO - Bluetooth connection closed.
2025-01-04 21:20:21,776 - logging_setup - INFO - Subscribed to topic: Hub1/LIGHT1
2025-01-04 21:20:21,821 - logging_setup - INFO - Published to Hub1/LIGHT1: {"status": "OFF", "dim": "10", "colour": "#FFFFFF"}
2025-01-04 21:20:50,015 - logging_setup - INFO - Published to Hub1/LIGHT1: {"status": "ON"}
2025-01-04 21:20:50,017 - logging_setup - INFO - Published current status: ON for LIGHT1 to MQTT topic Hub1/LIGHT1
2025-01-04 21:21:08,933 - logging_setup - INFO - Published to Hub1/LIGHT1: {"status": "OFF"}
2025-01-04 21:21:08,935 - logging_setup - INFO - Published current status: OFF for LIGHT1 to MQTT topic Hub1/LIGHT1
2025-01-04 21:21:28,099 - logging_setup - INFO - Published to Hub1/LIGHT1: {"colour": "#12345"}
2025-01-04 21:21:28,101 - logging_setup - INFO - Published current colour: #12345 for LIGHT1 to MQTT topic Hub1/LIGHT1
2025-01-04 21:21:42,731 - logging_setup - INFO - Published to Hub1/LIGHT1: {"status": "disconnect"}
2025-01-04 21:21:52,743 - logging_setup - INFO - Unsubscribed to topic: Hub1/LIGHT1
2025-01-04 21:22:51,024 - logging_setup - INFO - Recognized speech: set brightness
2025-01-04 21:22:54,318 - logging_setup - INFO - Recognized speech: begin
2025-01-04 21:23:01,354 - logging_setup - INFO - Recognized speech: open my shopping list
2025-01-04 21:23:43,776 - logging_setup - INFO - Recognized speech: play queen anne die
2025-01-04 21:25:18,910 - logging_setup - INFO - Recognized speech: hello
2025-01-04 21:25:27,557 - logging_setup - INFO - Recognized speech: highlight for women
2025-01-04 21:26:22,019 - logging_setup - INFO - Recognized speech: google ok google
2025-01-04 21:27:46,255 - logging_setup - INFO - Recognized speech: dim the kitchen light up your game
2025-01-04 21:27:54,641 - logging_setup - INFO - Recognized speech: play sitting on the mississippi blood
2025-01-04 21:28:07,191 - logging_setup - INFO - Recognized speech: play baby shark
2025-01-04 21:28:34,308 - logging_setup - INFO - Recognized speech: what is the set volume at 7
2025-01-04 21:32:00,913 - logging_setup - INFO - Recognized speech: what do we have here
2025-01-04 21:33:46,555 - logging_setup - INFO - Recognized speech: cheese roll
2025-01-04 21:34:14,805 - logging_setup - INFO - Recognized speech: doing the alarm
2025-01-04 21:34:29,865 - logging_setup - INFO - Recognized speech: next song
2025-01-04 21:35:14,347 - logging_setup - INFO - Recognized speech: boom
2025-01-04 21:35:26,043 - logging_setup - INFO - Connecting to LIGHT1.
2025-01-04 21:35:26,044 - logging_setup - INFO - Successfully connected! Sending Wi-Fi information...
2025-01-04 21:35:37,039 - logging_setup - INFO - Wi-Fi and MQTT setup completed successfully on device
2025-01-04 21:35:37,039 - logging_setup - INFO - Bluetooth connection closed.
2025-01-04 21:35:38,837 - logging_setup - INFO - Subscribed to topic: Hub1/LIGHT1
2025-01-04 21:35:38,880 - logging_setup - INFO - Published to Hub1/LIGHT1: {"status": "OFF", "dim": "10", "colour": "#FFFFFF"}
2025-01-04 21:35:40,021 - logging_setup - INFO - Recognized speech: broadcast
2025-01-04 21:36:06,369 - logging_setup - INFO - Published to Hub1/LIGHT1: {"status": "ON"}
2025-01-04 21:36:06,371 - logging_setup - INFO - Published current status: ON for LIGHT1 to MQTT topic Hub1/LIGHT1
2025-01-04 21:36:19,045 - logging_setup - INFO - Recognized speech: turn on the way
2025-01-04 21:36:24,612 - logging_setup - INFO - Published to Hub1/LIGHT1: {"status": "OFF"}
2025-01-04 21:36:24,613 - logging_setup - INFO - Published current status: OFF for LIGHT1 to MQTT topic Hub1/LIGHT1
2025-01-04 21:36:58,198 - logging_setup - INFO - Published to Hub1/LIGHT1: {"status": "ON"}
2025-01-04 21:36:58,198 - logging_setup - INFO - Published current status: ON for LIGHT1 to MQTT topic Hub1/LIGHT1
2025-01-04 21:36:58,559 - logging_setup - INFO - Recognized speech: dim the volume
2025-01-04 21:37:08,966 - logging_setup - INFO - Recognized speech: who am i
2025-01-04 21:37:14,619 - logging_setup - INFO - Published to Hub1/LIGHT1: {"status": "disconnect"}
2025-01-04 21:37:24,628 - logging_setup - INFO - Unsubscribed to topic: Hub1/LIGHT1
2025-01-04 21:37:54,833 - logging_setup - INFO - Recognized speech: are you smart or most
2025-01-04 21:38:31,970 - logging_setup - INFO - Recognized speech: weather 19909
2025-01-04 21:38:44,752 - logging_setup - INFO - Recognized speech: let me know mom
2025-01-04 21:39:15,195 - logging_setup - INFO - Recognized speech: can you turn the volume
2025-01-04 21:39:20,600 - logging_setup - INFO - Recognized speech: the ohio
2025-01-04 21:39:55,358 - logging_setup - INFO - Recognized speech: cancel timer cancel
2025-01-04 21:40:16,548 - logging_setup - INFO - Recognized speech: sing happy country shut the fuk up
2025-01-04 21:41:36,583 - logging_setup - INFO - Recognized speech: lil wayne song
2025-01-04 21:42:39,463 - logging_setup - INFO - Recognized speech: tell me the
2025-01-04 21:42:42,676 - logging_setup - INFO - Recognized speech: volume five
2025-01-04 21:46:13,012 - logging_setup - INFO - Recognized speech: can you tell me how i can help you
2025-01-04 21:46:45,435 - logging_setup - INFO - Recognized speech: find me a baby
2025-01-04 21:46:51,717 - logging_setup - INFO - Connecting to LIGHT1.
2025-01-04 21:46:51,717 - logging_setup - INFO - Successfully connected! Sending Wi-Fi information...
2025-01-04 21:46:56,947 - logging_setup - INFO - Recognized speech: what just say
2025-01-04 21:46:58,190 - logging_setup - INFO - Wi-Fi and MQTT setup completed successfully on device
2025-01-04 21:46:58,191 - logging_setup - INFO - Bluetooth connection closed.
2025-01-04 21:46:59,684 - logging_setup - INFO - Subscribed to topic: Hub1/LIGHT1
2025-01-04 21:46:59,729 - logging_setup - INFO - Published to Hub1/LIGHT1: {"status": "OFF", "dim": "10", "colour": "#FFFFFF"}
2025-01-04 21:47:25,264 - logging_setup - INFO - Published to Hub1/LIGHT1: {"status": "ON"}
2025-01-04 21:47:25,266 - logging_setup - INFO - Published current status: ON for LIGHT1 to MQTT topic Hub1/LIGHT1
2025-01-04 21:47:36,275 - logging_setup - INFO - Published to Hub1/LIGHT1: {"status": "OFF"}
2025-01-04 21:47:36,277 - logging_setup - INFO - Published current status: OFF for LIGHT1 to MQTT topic Hub1/LIGHT1
2025-01-04 21:47:43,299 - logging_setup - INFO - Recognized speech: give me apple
2025-01-04 21:48:33,804 - logging_setup - INFO - Published to Hub1/LIGHT1: {"dim": "0"}
2025-01-04 21:48:33,806 - logging_setup - INFO - Published current dim: 0 for LIGHT1 to MQTT topic Hub1/LIGHT1
2025-01-04 21:48:38,531 - logging_setup - INFO - Recognized speech: on open my alarm for 11:30
2025-01-04 21:49:07,025 - logging_setup - INFO - Published to Hub1/LIGHT1: {"dim": "10"}
2025-01-04 21:49:07,027 - logging_setup - INFO - Published current dim: 10 for LIGHT1 to MQTT topic Hub1/LIGHT1
2025-01-04 21:49:22,314 - logging_setup - INFO - Recognized speech: disconnect bluetooth on
2025-01-04 21:49:31,146 - logging_setup - INFO - Published to Hub1/LIGHT1: {"status": "disconnect"}
2025-01-04 21:49:41,158 - logging_setup - INFO - Unsubscribed to topic: Hub1/LIGHT1
2025-01-04 21:50:00,954 - logging_setup - INFO - Recognized speech: navigate me to 100
2025-01-04 21:50:12,918 - logging_setup - INFO - Recognized speech: knock knock
2025-01-04 21:50:34,603 - logging_setup - INFO - Recognized speech: how about rainbows
2025-01-04 21:50:51,731 - logging_setup - INFO - Recognized speech: hey google sing the dinosaur
2025-01-04 21:51:26,212 - logging_setup - INFO - Recognized speech: what the fox say
2025-01-04 21:52:05,777 - logging_setup - INFO - Recognized speech: can you say play 1179
2025-01-04 21:52:45,165 - logging_setup - INFO - Recognized speech: ok google
2025-01-04 21:52:54,064 - logging_setup - INFO - Recognized speech: remind me at 1:30
2025-01-04 21:53:40,379 - logging_setup - INFO - Recognized speech: tell me how
2025-01-04 21:54:05,678 - logging_setup - INFO - Recognized speech: hello
2025-01-04 21:54:13,228 - logging_setup - INFO - Recognized speech: play new jersey football
2025-01-04 21:56:19,266 - logging_setup - INFO - Recognized speech: volume one
2025-01-04 21:56:46,597 - logging_setup - INFO - Recognized speech: display show cleared on
2025-01-04 21:57:34,534 - logging_setup - INFO - Recognized speech: edinboro
2025-01-04 21:58:54,827 - logging_setup - INFO - Recognized speech: item number
2025-01-04 21:58:58,195 - logging_setup - INFO - Recognized speech: spotify
2025-01-04 21:59:26,532 - logging_setup - INFO - Recognized speech: say hi john mayer
2025-01-04 21:59:46,653 - logging_setup - INFO - Recognized speech: is it in london
2025-01-04 22:00:10,517 - logging_setup - INFO - Recognized speech: what do you want
2025-01-04 22:03:22,985 - logging_setup - INFO - Recognized speech: hey google
2025-01-04 22:04:35,829 - logging_setup - INFO - Recognized speech: can i get to walmart
