2025-01-04 22:11:08,593 - oauth2client.client - INFO - Refreshing access_token
2025-01-04 22:11:09,096 - logging_setup - INFO - Connected to MQTT server
2025-01-04 22:11:20,413 - logging_setup - INFO - Connecting to LIGHT1.
2025-01-04 22:11:20,413 - logging_setup - INFO - Successfully connected! Sending Wi-Fi information...
2025-01-04 22:11:32,929 - logging_setup - INFO - Recognized speech: one love one love
2025-01-04 22:11:33,271 - logging_setup - INFO - Wi-Fi and MQTT setup completed successfully on device
2025-01-04 22:11:33,271 - logging_setup - INFO - Bluetooth connection closed.
2025-01-04 22:11:34,552 - logging_setup - INFO - Subscribed to topic: Hub1/LIGHT1
2025-01-04 22:11:34,601 - logging_setup - INFO - Published to Hub1/LIGHT1: {"status": "OFF", "dim": "10", "colour": "#FFFFFF"}
2025-01-04 22:11:52,210 - logging_setup - INFO - Published to Hub1/LIGHT1: {"status": "ON"}
2025-01-04 22:11:52,212 - logging_setup - INFO - Published current status: ON for LIGHT1 to MQTT topic Hub1/LIGHT1
2025-01-04 22:12:14,156 - logging_setup - INFO - Recognized speech: play google hey google
2025-01-04 22:12:21,301 - logging_setup - INFO - Published to Hub1/LIGHT1: {"status": "OFF"}
2025-01-04 22:12:21,302 - logging_setup - INFO - Published current status: OFF for LIGHT1 to MQTT topic Hub1/LIGHT1
2025-01-04 22:12:34,556 - logging_setup - INFO - Published to Hub1/LIGHT1: {"colour": "#FF0000"}
2025-01-04 22:12:34,558 - logging_setup - INFO - Published current colour: #FF0000 for LIGHT1 to MQTT topic Hub1/LIGHT1
2025-01-04 22:12:44,578 - logging_setup - INFO - Published to Hub1/LIGHT1: {"status": "ON"}
2025-01-04 22:12:44,579 - logging_setup - INFO - Published current status: ON for LIGHT1 to MQTT topic Hub1/LIGHT1
2025-01-04 22:12:54,597 - logging_setup - INFO - Published to Hub1/LIGHT1: {"dim": "50"}
2025-01-04 22:12:54,598 - logging_setup - INFO - Published current dim: 50 for LIGHT1 to MQTT topic Hub1/LIGHT1
2025-01-04 22:13:04,612 - logging_setup - INFO - Published to Hub1/LIGHT1: {"status": "OFF"}
2025-01-04 22:13:04,613 - logging_setup - INFO - Published current status: OFF for LIGHT1 to MQTT topic Hub1/LIGHT1
2025-01-04 22:13:14,633 - logging_setup - INFO - Published to Hub1/LIGHT1: {"status": "ON"}
2025-01-04 22:13:14,634 - logging_setup - INFO - Published current status: ON for LIGHT1 to MQTT topic Hub1/LIGHT1
2025-01-04 22:13:24,654 - logging_setup - INFO - Published to Hub1/LIGHT1: {"status": "OFF"}
2025-01-04 22:13:24,655 - logging_setup - INFO - Published current status: OFF for LIGHT1 to MQTT topic Hub1/LIGHT1
2025-01-04 22:13:34,672 - logging_setup - INFO - Published to Hub1/LIGHT1: {"status": "disconnect"}
