2025-01-05 16:47:07,632 - oauth2client.client - INFO - Refreshing access_token
2025-01-05 16:47:08,138 - logging_setup - INFO - Connected to MQTT server
2025-01-05 16:47:08,451 - logging_setup - INFO - Subscribed to topic: Hub1/LIGHT1
2025-01-05 16:47:23,818 - logging_setup - INFO - Connecting to FAN1.
2025-01-05 16:47:23,818 - logging_setup - INFO - Successfully connected! Sending Wi-Fi information...
2025-01-05 16:47:33,889 - logging_setup - INFO - Wi-Fi and MQTT setup completed successfully on device
2025-01-05 16:47:33,890 - logging_setup - INFO - Bluetooth connection closed.
2025-01-05 16:47:34,609 - logging_setup - INFO - Subscribed to topic: Hub1/FAN1
2025-01-05 16:47:34,654 - logging_setup - INFO - Published to Hub1/FAN1: {"status": "OFF", "speed": 10}
2025-01-05 16:47:56,838 - logging_setup - INFO - Published to Hub1/FAN1: {"status": "ON"}
2025-01-05 16:47:56,840 - logging_setup - INFO - Published current status: ON for FAN1 to MQTT topic Hub1/FAN1
2025-01-05 16:49:22,850 - logging_setup - INFO - Published to Hub1/FAN1: {"status": "OFF"}
2025-01-05 16:49:22,851 - logging_setup - INFO - Published current status: OFF for FAN1 to MQTT topic Hub1/FAN1
2025-01-05 16:49:40,454 - logging_setup - INFO - Published to Hub1/FAN1: {"status": "disconnect"}
2025-01-05 16:49:43,610 - logging_setup - INFO - Recognized speech: play holiday playlist
2025-01-05 16:49:50,462 - logging_setup - INFO - Unsubscribed to topic: Hub1/FAN1
2025-01-05 16:50:04,590 - logging_setup - INFO - Published to Hub1/LIGHT1: {"status": "disconnect"}
2025-01-05 16:50:08,877 - logging_setup - INFO - Connecting to FAN1.
2025-01-05 16:50:08,878 - logging_setup - INFO - Successfully connected! Sending Wi-Fi information...
2025-01-05 16:50:13,468 - logging_setup - INFO - Wi-Fi and MQTT setup completed successfully on device
2025-01-05 16:50:13,468 - logging_setup - INFO - Bluetooth connection closed.
2025-01-05 16:50:13,710 - logging_setup - INFO - Subscribed to topic: Hub1/FAN1
2025-01-05 16:50:13,755 - logging_setup - INFO - Published to Hub1/FAN1: {"status": "OFF", "speed": 10}
2025-01-05 16:50:14,602 - logging_setup - INFO - Unsubscribed to topic: Hub1/LIGHT1
2025-01-05 16:50:58,422 - logging_setup - INFO - Published to Hub1/FAN1: {"status": "ON"}
2025-01-05 16:50:58,423 - logging_setup - INFO - Published current status: ON for FAN1 to MQTT topic Hub1/FAN1
2025-01-05 16:51:20,854 - logging_setup - INFO - Published to Hub1/FAN1: {"status": "OFF"}
2025-01-05 16:51:20,855 - logging_setup - INFO - Published current status: OFF for FAN1 to MQTT topic Hub1/FAN1
2025-01-05 16:51:48,690 - logging_setup - INFO - Published to Hub1/FAN1: {"speed": 20}
2025-01-05 16:51:48,692 - logging_setup - INFO - Published current speed: 20 for FAN1 to MQTT topic Hub1/FAN1
2025-01-05 16:52:07,187 - logging_setup - INFO - Published to Hub1/FAN1: {"status": "disconnect"}
2025-01-05 16:52:17,198 - logging_setup - INFO - Unsubscribed to topic: Hub1/FAN1
2025-01-05 16:52:26,502 - logging_setup - INFO - Recognized speech: ok google
2025-01-05 16:52:31,728 - logging_setup - INFO - Recognized speech: set an alarm for
2025-01-05 16:53:55,627 - logging_setup - INFO - Connecting to FAN1.
2025-01-05 16:53:55,628 - logging_setup - INFO - Successfully connected! Sending Wi-Fi information...
2025-01-05 16:53:59,875 - logging_setup - INFO - Wi-Fi and MQTT setup completed successfully on device
2025-01-05 16:53:59,875 - logging_setup - INFO - Bluetooth connection closed.
2025-01-05 16:54:00,199 - logging_setup - INFO - Subscribed to topic: Hub1/FAN1
2025-01-05 16:54:00,242 - logging_setup - INFO - Published to Hub1/FAN1: {"status": "OFF", "speed": 10}
2025-01-05 16:54:01,689 - logging_setup - INFO - Recognized speech: stupid cunt
2025-01-05 16:54:15,566 - logging_setup - INFO - Published to Hub1/FAN1: {"status": "ON"}
2025-01-05 16:54:15,567 - logging_setup - INFO - Published current status: ON for FAN1 to MQTT topic Hub1/FAN1
2025-01-05 16:54:31,239 - logging_setup - INFO - Published to Hub1/FAN1: {"status": "OFF"}
2025-01-05 16:54:31,241 - logging_setup - INFO - Published current status: OFF for FAN1 to MQTT topic Hub1/FAN1
2025-01-05 16:54:41,258 - logging_setup - INFO - Published to Hub1/FAN1: {"status": "disconnect"}
2025-01-05 16:54:51,269 - logging_setup - INFO - Unsubscribed to topic: Hub1/FAN1
2025-01-05 16:55:33,770 - logging_setup - INFO - Wait for scanning Bluetooth Devices
2025-01-05 16:55:46,881 - logging_setup - INFO - Found 3 devices.
2025-01-05 16:55:46,882 - logging_setup - INFO -   A0:A3:B3:EC:DD:36 - LIGHT1
2025-01-05 16:55:46,883 - logging_setup - INFO -   22:22:8D:D8:0F:5D - FPT Play Box +
2025-01-05 16:55:46,883 - logging_setup - INFO -   4C:11:AE:9E:C6:0E - FAN1
2025-01-05 16:56:03,270 - logging_setup - INFO - Connecting to LIGHT1.
2025-01-05 16:56:03,270 - logging_setup - INFO - Successfully connected! Sending Wi-Fi information...
2025-01-05 16:56:07,486 - logging_setup - INFO - Wi-Fi and MQTT setup completed successfully on device
2025-01-05 16:56:07,487 - logging_setup - INFO - Bluetooth connection closed.
2025-01-05 16:56:07,759 - logging_setup - INFO - Subscribed to topic: Hub1/LIGHT1
2025-01-05 16:56:07,802 - logging_setup - INFO - Published to Hub1/LIGHT1: {"status": "OFF", "dim": 10, "colour": "#FFFFFF"}
2025-01-05 16:56:30,557 - logging_setup - INFO - Connecting to FAN1.
2025-01-05 16:56:30,557 - logging_setup - INFO - Successfully connected! Sending Wi-Fi information...
2025-01-05 16:56:34,399 - logging_setup - INFO - Wi-Fi and MQTT setup completed successfully on device
2025-01-05 16:56:34,400 - logging_setup - INFO - Bluetooth connection closed.
2025-01-05 16:56:35,754 - logging_setup - INFO - Subscribed to topic: Hub1/FAN1
2025-01-05 16:56:35,806 - logging_setup - INFO - Published to Hub1/FAN1: {"status": "OFF", "speed": 10}
2025-01-05 16:57:01,027 - logging_setup - INFO - Published to Hub1/FAN1: {"status": "ON"}
2025-01-05 16:57:01,028 - logging_setup - INFO - Published current status: ON for FAN1 to MQTT topic Hub1/FAN1
2025-01-05 16:57:09,936 - logging_setup - INFO - Recognized speech: hey harvey
2025-01-05 16:57:09,937 - logging_setup - INFO - Wake word 'Hey Harvey' detected
2025-01-05 16:57:11,046 - logging_setup - INFO - Published to Hub1/FAN1: {"status": "OFF"}
2025-01-05 16:57:11,047 - logging_setup - INFO - Published current status: OFF for FAN1 to MQTT topic Hub1/FAN1
2025-01-05 16:57:13,136 - logging_setup - INFO - Listening for a command...
2025-01-05 16:57:16,537 - logging_setup - INFO - Recognized command: turn on fan one
2025-01-05 16:57:18,644 - logging_setup - INFO - Gemni response: {
  "action": "on",
  "device": "fan 1",
  "room": null
}
2025-01-05 16:57:18,645 - logging_setup - INFO - Controlling device FAN 1 with data {'status': 'ON'} from given name
2025-01-05 16:57:18,773 - logging_setup - INFO - Device FAN 1 updated successfully with data: {'status': 'ON'}
2025-01-05 16:57:28,774 - logging_setup - INFO - Published to Hub1/FAN1: {"status": "ON"}
2025-01-05 16:57:28,775 - logging_setup - INFO - Published current {'status': 'ON'} for FAN1 to MQTT topic Hub1/FAN1
2025-01-05 16:57:36,170 - logging_setup - INFO - Recognized speech: play the moana soundtrack
2025-01-05 16:57:38,793 - logging_setup - INFO - Published to Hub1/LIGHT1: {"status": "ON"}
2025-01-05 16:57:38,794 - logging_setup - INFO - Published current status: ON for LIGHT1 to MQTT topic Hub1/LIGHT1
2025-01-05 16:58:03,909 - logging_setup - INFO - Recognized speech: hey harvey
2025-01-05 16:58:03,909 - logging_setup - INFO - Wake word 'Hey Harvey' detected
2025-01-05 16:58:06,816 - logging_setup - INFO - Listening for a command...
2025-01-05 16:58:10,518 - logging_setup - INFO - Recognized command: turn off light one
2025-01-05 16:58:11,318 - logging_setup - INFO - Gemni response: {
  "action": "off",
  "device": "light 1",
  "room": null
}
2025-01-05 16:58:11,319 - logging_setup - INFO - Controlling device LIGHT 1 with data {'status': 'OFF'} from given name
2025-01-05 16:58:11,441 - logging_setup - INFO - Device LIGHT 1 updated successfully with data: {'status': 'OFF'}
2025-01-05 16:58:21,455 - logging_setup - INFO - Published to Hub1/LIGHT1: {"status": "OFF"}
2025-01-05 16:58:21,457 - logging_setup - INFO - Published current {'status': 'OFF'} for LIGHT1 to MQTT topic Hub1/LIGHT1
2025-01-05 16:58:23,426 - logging_setup - INFO - Recognized speech: hey harvey
2025-01-05 16:58:23,426 - logging_setup - INFO - Wake word 'Hey Harvey' detected
2025-01-05 16:58:26,413 - logging_setup - INFO - Listening for a command...
2025-01-05 16:58:30,274 - logging_setup - INFO - Recognized command: turn off alarm
2025-01-05 16:58:31,025 - logging_setup - INFO - Gemni response: This command does not relate to controlling a smart home device, so no JSON is returned.

OK. I've turned off the alarm.
2025-01-05 16:58:58,065 - logging_setup - INFO - Recognized speech: play happy
2025-01-05 16:59:03,189 - logging_setup - INFO - Recognized speech: hey harvey
2025-01-05 16:59:03,189 - logging_setup - INFO - Wake word 'Hey Harvey' detected
2025-01-05 16:59:06,060 - logging_setup - INFO - Listening for a command...
2025-01-05 16:59:09,873 - logging_setup - INFO - Recognized command: turn off fan one
2025-01-05 16:59:10,669 - logging_setup - INFO - Gemni response: {
  "action": "off",
  "device": "fan 1",
  "room": null
}
2025-01-05 16:59:10,670 - logging_setup - INFO - Controlling device FAN 1 with data {'status': 'OFF'} from given name
2025-01-05 16:59:10,785 - logging_setup - INFO - Device FAN 1 updated successfully with data: {'status': 'OFF'}
2025-01-05 16:59:20,796 - logging_setup - INFO - Published to Hub1/FAN1: {"status": "OFF"}
2025-01-05 16:59:20,798 - logging_setup - INFO - Published current {'status': 'OFF'} for FAN1 to MQTT topic Hub1/FAN1
2025-01-05 16:59:29,299 - logging_setup - INFO - Recognized speech: emoji online turn on office
2025-01-05 16:59:33,638 - logging_setup - INFO - Published to Hub1/LIGHT1: {"status": "disconnect"}
2025-01-05 16:59:39,173 - logging_setup - INFO - Recognized speech: lamborghini
2025-01-05 16:59:43,649 - logging_setup - INFO - Unsubscribed to topic: Hub1/LIGHT1
