2025-01-05 16:03:50,887 - oauth2client.client - INFO - Refreshing access_token
2025-01-05 16:03:51,407 - logging_setup - INFO - Connected to MQTT server
2025-01-05 16:06:44,408 - logging_setup - INFO - Connecting to LIGHT1.
2025-01-05 16:06:44,409 - logging_setup - INFO - Successfully connected! Sending Wi-Fi information...
2025-01-05 16:06:48,195 - logging_setup - INFO - Wi-Fi and MQTT setup completed successfully on device
2025-01-05 16:06:48,195 - logging_setup - INFO - Bluetooth connection closed.
2025-01-05 16:06:48,445 - logging_setup - INFO - Subscribed to topic: Hub1/LIGHT1
2025-01-05 16:06:48,490 - logging_setup - INFO - Published to Hub1/LIGHT1: {"status": "OFF", "dim": 10, "colour": "#FFFFFF"}
2025-01-05 16:06:49,745 - logging_setup - INFO - Recognized speech: except
2025-01-05 16:07:07,626 - logging_setup - INFO - Published to Hub1/LIGHT1: {"status": "ON"}
2025-01-05 16:07:07,628 - logging_setup - INFO - Published current status: ON for LIGHT1 to MQTT topic Hub1/LIGHT1
2025-01-05 16:07:17,646 - logging_setup - INFO - Published to Hub1/LIGHT1: {"status": "OFF"}
2025-01-05 16:07:17,648 - logging_setup - INFO - Published current status: OFF for LIGHT1 to MQTT topic Hub1/LIGHT1
2025-01-05 16:07:19,400 - logging_setup - INFO - Recognized speech: skip this song
2025-01-05 16:07:49,718 - logging_setup - INFO - Published to Hub1/LIGHT1: {"dim": 20}
2025-01-05 16:07:49,719 - logging_setup - INFO - Published current dim: 20 for LIGHT1 to MQTT topic Hub1/LIGHT1
2025-01-05 16:07:59,732 - logging_setup - INFO - Published to Hub1/LIGHT1: {"status": "ON"}
2025-01-05 16:07:59,733 - logging_setup - INFO - Published current status: ON for LIGHT1 to MQTT topic Hub1/LIGHT1
2025-01-05 16:08:02,567 - logging_setup - INFO - Recognized speech: play kung fu panda
2025-01-05 16:08:08,320 - logging_setup - INFO - Recognized speech: hey harvey
2025-01-05 16:08:08,321 - logging_setup - INFO - Wake word 'Hey Harvey' detected
2025-01-05 16:08:09,747 - logging_setup - INFO - Published to Hub1/LIGHT1: {"colour": "#EEEEEE"}
2025-01-05 16:08:09,748 - logging_setup - INFO - Published current colour: #EEEEEE for LIGHT1 to MQTT topic Hub1/LIGHT1
2025-01-05 16:08:11,329 - logging_setup - INFO - Listening for a command...
2025-01-05 16:08:17,382 - logging_setup - INFO - Recognized command: turn off light one
2025-01-05 16:08:18,703 - logging_setup - INFO - Gemni response: {
  "action": "off",
  "device": "light 1",
  "room": null
}
2025-01-05 16:08:18,704 - logging_setup - INFO - Controlling device LIGHT 1 with data {'status': 'OFF'} from given name
2025-01-05 16:08:18,814 - logging_setup - INFO - Device LIGHT 1 updated successfully with data: {'status': 'OFF'}
2025-01-05 16:10:57,481 - logging_setup - INFO - Published to Hub1/LIGHT1: {"status": "ON"}
2025-01-05 16:10:57,483 - logging_setup - INFO - Published current status: ON for LIGHT1 to MQTT topic Hub1/LIGHT1
2025-01-05 16:12:12,218 - logging_setup - INFO - Recognized speech: good night
2025-01-05 16:13:08,674 - logging_setup - INFO - Recognized speech: set my alarm
