2025-01-05 15:39:55,243 - oauth2client.client - INFO - Refreshing access_token
2025-01-05 15:39:55,750 - logging_setup - INFO - Connected to MQTT server
2025-01-05 15:40:13,563 - logging_setup - INFO - Wait for scanning Bluetooth Devices
2025-01-05 15:40:21,378 - logging_setup - INFO - Recognized speech: skipper
2025-01-05 15:40:25,468 - logging_setup - INFO - Found 2 devices.
2025-01-05 15:40:25,468 - logging_setup - INFO -   A0:A3:B3:EC:DD:36 - LIGHT1
2025-01-05 15:40:25,469 - logging_setup - INFO -   22:22:8D:D8:0F:5D - FPT Play Box +
2025-01-05 15:40:36,618 - logging_setup - INFO - Connecting to LIGHT1.
2025-01-05 15:40:36,619 - logging_setup - INFO - Successfully connected! Sending Wi-Fi information...
2025-01-05 15:40:40,462 - logging_setup - INFO - Wi-Fi and MQTT setup completed successfully on device
2025-01-05 15:40:40,462 - logging_setup - INFO - Bluetooth connection closed.
2025-01-05 15:40:41,159 - logging_setup - INFO - Subscribed to topic: -O0qUnBd90cvCv0JULl0/LIGHT1
2025-01-05 15:40:41,202 - logging_setup - INFO - Published to -O0qUnBd90cvCv0JULl0/LIGHT1: {"status": "OFF", "dim": 10, "colour": "#FFFFFF"}
2025-01-05 15:40:57,029 - logging_setup - INFO - Recognized speech: next track
2025-01-05 15:41:07,882 - logging_setup - INFO - Published to -O0qUnBd90cvCv0JULl0/LIGHT1: {"status": "ON"}
2025-01-05 15:41:07,883 - logging_setup - INFO - Published current status: ON for LIGHT1 to MQTT topic -O0qUnBd90cvCv0JULl0/LIGHT1
2025-01-05 15:41:09,082 - logging_setup - INFO - Recognized speech: knox
2025-01-05 15:41:37,549 - logging_setup - INFO - Recognized speech: shut down
2025-01-05 15:42:06,654 - logging_setup - INFO - Published to -O0qUnBd90cvCv0JULl0/LIGHT1: {"dim": 80}
2025-01-05 15:42:06,655 - logging_setup - INFO - Published current dim: 80 for LIGHT1 to MQTT topic -O0qUnBd90cvCv0JULl0/LIGHT1
2025-01-05 15:42:54,224 - logging_setup - INFO - Recognized speech: update dim light on midnight
2025-01-05 15:43:02,269 - logging_setup - INFO - Recognized speech: open settings
2025-01-05 15:43:55,593 - logging_setup - INFO - Recognized speech: peppa peppa peppa peppa peppa pig
2025-01-05 15:43:59,934 - logging_setup - INFO - Recognized speech: hello
2025-01-05 15:44:03,173 - logging_setup - INFO - Recognized speech: play harvey
2025-01-05 15:44:06,758 - logging_setup - INFO - Recognized speech: hey harvey
2025-01-05 15:44:06,758 - logging_setup - INFO - Wake word 'Hey Harvey' detected
2025-01-05 15:44:09,726 - logging_setup - INFO - Listening for a command...
2025-01-05 15:44:14,170 - logging_setup - INFO - Wait for scanning Bluetooth Devices
2025-01-05 15:44:18,172 - logging_setup - INFO - Recognized command: turn off light one
2025-01-05 15:44:24,414 - logging_setup - INFO - Found 0 devices.
2025-01-05 15:44:25,399 - logging_setup - INFO - Gemni response: {
  "action": "off",
  "device": "light 1",
  "room": null
}
2025-01-05 15:44:25,400 - logging_setup - INFO - Controlling device LIGHT 1 with data {'status': 'OFF'} from given name
2025-01-05 15:44:25,741 - logging_setup - INFO - Device LIGHT 1 updated successfully with data: {'status': 'OFF'}
2025-01-05 15:45:09,463 - logging_setup - INFO - Recognized speech: set a reminder
2025-01-05 15:45:13,209 - logging_setup - INFO - Published to -O0qUnBd90cvCv0JULl0/LIGHT1: {"status": "ON"}
2025-01-05 15:45:13,210 - logging_setup - INFO - Published current status: ON for LIGHT1 to MQTT topic -O0qUnBd90cvCv0JULl0/LIGHT1
2025-01-05 15:45:42,702 - logging_setup - INFO - Published to -O0qUnBd90cvCv0JULl0/LIGHT1: {"status": "OFF"}
2025-01-05 15:45:42,704 - logging_setup - INFO - Published current status: OFF for LIGHT1 to MQTT topic -O0qUnBd90cvCv0JULl0/LIGHT1
2025-01-05 15:45:48,283 - logging_setup - INFO - Recognized speech: download google
2025-01-05 15:45:52,723 - logging_setup - INFO - Published to -O0qUnBd90cvCv0JULl0/LIGHT1: {"status": "ON"}
2025-01-05 15:45:52,725 - logging_setup - INFO - Published current status: ON for LIGHT1 to MQTT topic -O0qUnBd90cvCv0JULl0/LIGHT1
2025-01-05 15:46:02,742 - logging_setup - INFO - Published to -O0qUnBd90cvCv0JULl0/LIGHT1: {"status": "OFF"}
2025-01-05 15:46:02,743 - logging_setup - INFO - Published current status: OFF for LIGHT1 to MQTT topic -O0qUnBd90cvCv0JULl0/LIGHT1
2025-01-05 15:47:13,843 - logging_setup - INFO - Published to -O0qUnBd90cvCv0JULl0/LIGHT1: {"status": "disconnect"}
2025-01-05 15:47:23,559 - logging_setup - INFO - Recognized speech: tylenol if you connecting
2025-01-05 15:47:23,854 - logging_setup - INFO - Unsubscribed to topic: -O0qUnBd90cvCv0JULl0/LIGHT1
2025-01-05 15:47:30,296 - logging_setup - INFO - Recognized speech: 10 * 7
2025-01-05 15:51:59,045 - logging_setup - INFO - Wait for scanning Bluetooth Devices
2025-01-05 15:52:12,005 - logging_setup - INFO - Found 2 devices.
2025-01-05 15:52:12,005 - logging_setup - INFO -   22:22:8D:D8:0F:5D - FPT Play Box +
2025-01-05 15:52:12,006 - logging_setup - INFO -   A0:A3:B3:EC:DD:36 - LIGHT1
2025-01-05 15:52:45,930 - logging_setup - INFO - Recognized speech: do you like a 92 update this afternoon
2025-01-05 15:53:02,691 - logging_setup - INFO - Wait for scanning Bluetooth Devices
2025-01-05 15:53:15,889 - logging_setup - INFO - Found 2 devices.
2025-01-05 15:53:15,889 - logging_setup - INFO -   A0:A3:B3:EC:DD:36 - LIGHT1
2025-01-05 15:53:15,890 - logging_setup - INFO -   22:22:8D:D8:0F:5D - FPT Play Box +
2025-01-05 15:53:26,060 - logging_setup - INFO - Connecting to LIGHT1.
2025-01-05 15:53:26,060 - logging_setup - INFO - Successfully connected! Sending Wi-Fi information...
2025-01-05 15:53:30,204 - logging_setup - INFO - Wi-Fi and MQTT setup completed successfully on device
2025-01-05 15:53:30,204 - logging_setup - INFO - Bluetooth connection closed.
2025-01-05 15:53:30,999 - logging_setup - INFO - Subscribed to topic: -O0qUnBd90cvCv0JULl0/LIGHT1
2025-01-05 15:53:31,047 - logging_setup - INFO - Published to -O0qUnBd90cvCv0JULl0/LIGHT1: {"status": "OFF", "dim": 10, "colour": "#FFFFFF"}
2025-01-05 15:53:55,990 - logging_setup - INFO - Published to -O0qUnBd90cvCv0JULl0/LIGHT1: {"status": "ON"}
2025-01-05 15:53:55,991 - logging_setup - INFO - Published current status: ON for LIGHT1 to MQTT topic -O0qUnBd90cvCv0JULl0/LIGHT1
2025-01-05 15:54:03,306 - logging_setup - INFO - Recognized speech: go to miguel google
2025-01-05 15:54:06,002 - logging_setup - INFO - Published to -O0qUnBd90cvCv0JULl0/LIGHT1: {"status": "OFF"}
2025-01-05 15:54:06,003 - logging_setup - INFO - Published current status: OFF for LIGHT1 to MQTT topic -O0qUnBd90cvCv0JULl0/LIGHT1
2025-01-05 15:54:16,014 - logging_setup - INFO - Published to -O0qUnBd90cvCv0JULl0/LIGHT1: {"status": "ON"}
2025-01-05 15:54:16,014 - logging_setup - INFO - Published current status: ON for LIGHT1 to MQTT topic -O0qUnBd90cvCv0JULl0/LIGHT1
2025-01-05 15:54:30,894 - logging_setup - INFO - Published to -O0qUnBd90cvCv0JULl0/LIGHT1: {"status": "OFF"}
2025-01-05 15:54:30,895 - logging_setup - INFO - Published current status: OFF for LIGHT1 to MQTT topic -O0qUnBd90cvCv0JULl0/LIGHT1
2025-01-05 15:54:40,908 - logging_setup - INFO - Published to -O0qUnBd90cvCv0JULl0/LIGHT1: {"status": "ON"}
2025-01-05 15:54:40,909 - logging_setup - INFO - Published current status: ON for LIGHT1 to MQTT topic -O0qUnBd90cvCv0JULl0/LIGHT1
2025-01-05 15:54:46,165 - logging_setup - INFO - Recognized speech: play the song
2025-01-05 15:55:05,408 - logging_setup - INFO - Published to -O0qUnBd90cvCv0JULl0/LIGHT1: {"dim": 80}
2025-01-05 15:55:05,409 - logging_setup - INFO - Published current dim: 80 for LIGHT1 to MQTT topic -O0qUnBd90cvCv0JULl0/LIGHT1
2025-01-05 15:55:11,353 - logging_setup - INFO - Recognized speech: set my alarm
2025-01-05 15:55:56,339 - logging_setup - INFO - Recognized speech: ok google
2025-01-05 15:56:18,178 - logging_setup - INFO - Published to -O0qUnBd90cvCv0JULl0/LIGHT1: {"colour": "#fcba03"}
2025-01-05 15:56:18,179 - logging_setup - INFO - Published current colour: #fcba03 for LIGHT1 to MQTT topic -O0qUnBd90cvCv0JULl0/LIGHT1
2025-01-05 15:56:49,240 - logging_setup - INFO - Recognized speech: ella hot dog song
