2024-12-22 04:47:43,203 - logging_setup - INFO - Starting command listener...
2024-12-22 04:47:43,204 - logging_setup - INFO - Connected to MQTT server
2024-12-22 04:47:53,870 - logging_setup - INFO - Failed to connect to LIGHT1 at 40:22:D8:76:BF:76. Error: <class 'OSError'>
2024-12-22 04:48:02,206 - logging_setup - INFO - Connecting to LIGHT1.
2024-12-22 04:48:02,206 - logging_setup - INFO - Succesfully connected! Sending Wifi information...
2024-12-22 04:48:06,448 - logging_setup - INFO - Wi-Fi and MQTT setup completed successfully on device
2024-12-22 04:48:06,449 - logging_setup - INFO - Bluetooth connection closed.
2024-12-22 04:48:06,600 - logging_setup - INFO - Subscribed to topic: Hub1/LIGHT1
2024-12-22 04:48:23,875 - logging_setup - INFO - Recognized speech: hey harvey
2024-12-22 04:48:23,876 - logging_setup - INFO - Wake word 'Hey Harvey' detected
2024-12-22 04:48:27,335 - logging_setup - INFO - Listening for a command...
2024-12-22 04:48:30,063 - logging_setup - INFO - Recognized command: turn on light
2024-12-22 04:48:30,067 - logging_setup - INFO - Device not recognized in command: turn on light
2024-12-22 04:48:39,770 - logging_setup - INFO - Recognized speech: hey harvey
2024-12-22 04:48:39,770 - logging_setup - INFO - Wake word 'Hey Harvey' detected
2024-12-22 04:48:42,635 - logging_setup - INFO - Listening for a command...
2024-12-22 04:48:49,674 - logging_setup - INFO - Recognized command: turn on light one
2024-12-22 04:48:49,676 - logging_setup - INFO - Controlling device LIGHT 1 with action on
2024-12-22 04:48:59,440 - logging_setup - INFO - Recognized speech: hey harvey
2024-12-22 04:48:59,441 - logging_setup - INFO - Wake word 'Hey Harvey' detected
2024-12-22 04:49:02,228 - logging_setup - INFO - Listening for a command...
2024-12-22 04:49:09,836 - logging_setup - INFO - Recognized command: turn off light one
2024-12-22 04:49:09,839 - logging_setup - INFO - Controlling device LIGHT 1 with action off
2024-12-22 04:49:25,733 - logging_setup - INFO - Recognized speech: hey harvey
2024-12-22 04:49:25,733 - logging_setup - INFO - Wake word 'Hey Harvey' detected
2024-12-22 04:49:28,615 - logging_setup - INFO - Listening for a command...
2024-12-22 04:49:33,889 - logging_setup - INFO - Recognized command: turn on all device in room one
2024-12-22 04:49:33,892 - logging_setup - INFO - Device not recognized in command: turn on all device in room one
2024-12-22 04:49:44,300 - logging_setup - INFO - Recognized speech: hey harvey
2024-12-22 04:49:44,300 - logging_setup - INFO - Wake word 'Hey Harvey' detected
2024-12-22 04:49:47,120 - logging_setup - INFO - Listening for a command...
2024-12-22 04:49:51,410 - logging_setup - INFO - Recognized command: turn on device in one room
2024-12-22 04:49:51,412 - logging_setup - INFO - Device not recognized in command: turn on device in one room
2024-12-22 04:50:00,444 - logging_setup - INFO - Recognized speech: hey harvey
2024-12-22 04:50:00,445 - logging_setup - INFO - Wake word 'Hey Harvey' detected
2024-12-22 04:50:03,343 - logging_setup - INFO - Listening for a command...
